DEBUG:STREAM b'IHDR' 16 13
DEBUG:STREAM b'gAMA' 41 4
DEBUG:STREAM b'cHRM' 57 32
DEBUG:b'cHRM' 57 32 (unknown)
DEBUG:STREAM b'PLTE' 101 717
DEBUG:STREAM b'bKGD' 830 1
DEBUG:b'bKGD' 830 1 (unknown)
DEBUG:STREAM b'pHYs' 843 9
DEBUG:STREAM b'tIME' 864 7
DEBUG:b'tIME' 864 7 (unknown)
DEBUG:STREAM b'IDAT' 883 32768
DEBUG:STREAM b'IHDR' 16 13
DEBUG:STREAM b'gAMA' 41 4
DEBUG:STREAM b'cHRM' 57 32
DEBUG:b'cHRM' 57 32 (unknown)
DEBUG:STREAM b'PLTE' 101 714
DEBUG:STREAM b'bKGD' 827 1
DEBUG:b'bKGD' 827 1 (unknown)
DEBUG:STREAM b'pHYs' 840 9
DEBUG:STREAM b'tIME' 861 7
DEBUG:b'tIME' 861 7 (unknown)
DEBUG:STREAM b'IDAT' 880 32768
DEBUG:STREAM b'IHDR' 16 13
DEBUG:STREAM b'gAMA' 41 4
DEBUG:STREAM b'cHRM' 57 32
DEBUG:b'cHRM' 57 32 (unknown)
DEBUG:STREAM b'PLTE' 101 714
DEBUG:STREAM b'bKGD' 827 1
DEBUG:b'bKGD' 827 1 (unknown)
DEBUG:STREAM b'pHYs' 840 9
DEBUG:STREAM b'tIME' 861 7
DEBUG:b'tIME' 861 7 (unknown)
DEBUG:STREAM b'IDAT' 880 32768
DEBUG:STREAM b'IHDR' 16 13
DEBUG:STREAM b'gAMA' 41 4
DEBUG:STREAM b'cHRM' 57 32
DEBUG:b'cHRM' 57 32 (unknown)
DEBUG:STREAM b'PLTE' 101 714
DEBUG:STREAM b'bKGD' 827 1
DEBUG:b'bKGD' 827 1 (unknown)
DEBUG:STREAM b'pHYs' 840 9
DEBUG:STREAM b'tIME' 861 7
DEBUG:b'tIME' 861 7 (unknown)
DEBUG:STREAM b'IDAT' 880 32768
DEBUG:STREAM b'IHDR' 16 13
DEBUG:STREAM b'gAMA' 41 4
DEBUG:STREAM b'cHRM' 57 32
DEBUG:b'cHRM' 57 32 (unknown)
DEBUG:STREAM b'bKGD' 101 2
DEBUG:b'bKGD' 101 2 (unknown)
DEBUG:STREAM b'pHYs' 115 9
DEBUG:STREAM b'tIME' 136 7
DEBUG:b'tIME' 136 7 (unknown)
DEBUG:STREAM b'IDAT' 155 32768
DEBUG:STREAM b'IHDR' 16 13
DEBUG:STREAM b'gAMA' 41 4
DEBUG:STREAM b'cHRM' 57 32
DEBUG:b'cHRM' 57 32 (unknown)
DEBUG:STREAM b'bKGD' 101 6
DEBUG:b'bKGD' 101 6 (unknown)
DEBUG:STREAM b'pHYs' 119 9
DEBUG:STREAM b'IDAT' 140 32768
DEBUG:STREAM b'IHDR' 16 13
DEBUG:STREAM b'gAMA' 41 4
DEBUG:STREAM b'cHRM' 57 32
DEBUG:b'cHRM' 57 32 (unknown)
DEBUG:STREAM b'bKGD' 101 6
DEBUG:b'bKGD' 101 6 (unknown)
DEBUG:STREAM b'pHYs' 119 9
DEBUG:STREAM b'IDAT' 140 32768
DEBUG:STREAM b'IHDR' 16 13
DEBUG:STREAM b'gAMA' 41 4
DEBUG:STREAM b'cHRM' 57 32
DEBUG:b'cHRM' 57 32 (unknown)
DEBUG:STREAM b'bKGD' 101 6
DEBUG:b'bKGD' 101 6 (unknown)
DEBUG:STREAM b'pHYs' 119 9
DEBUG:STREAM b'IDAT' 140 32768
DEBUG:STREAM b'IHDR' 16 13
DEBUG:STREAM b'gAMA' 41 4
DEBUG:STREAM b'cHRM' 57 32
DEBUG:b'cHRM' 57 32 (unknown)
DEBUG:STREAM b'bKGD' 101 6
DEBUG:b'bKGD' 101 6 (unknown)
DEBUG:STREAM b'pHYs' 119 9
DEBUG:STREAM b'IDAT' 140 32768
DEBUG:STREAM b'IHDR' 16 13
DEBUG:STREAM b'gAMA' 41 4
DEBUG:STREAM b'cHRM' 57 32
DEBUG:b'cHRM' 57 32 (unknown)
DEBUG:STREAM b'bKGD' 101 6
DEBUG:b'bKGD' 101 6 (unknown)
DEBUG:STREAM b'pHYs' 119 9
DEBUG:STREAM b'IDAT' 140 32768
DEBUG:STREAM b'IHDR' 16 13
DEBUG:STREAM b'gAMA' 41 4
DEBUG:STREAM b'cHRM' 57 32
DEBUG:b'cHRM' 57 32 (unknown)
DEBUG:STREAM b'bKGD' 101 6
DEBUG:b'bKGD' 101 6 (unknown)
DEBUG:STREAM b'pHYs' 119 9
DEBUG:STREAM b'IDAT' 140 32768
DEBUG:STREAM b'IHDR' 16 13
DEBUG:STREAM b'gAMA' 41 4
DEBUG:STREAM b'cHRM' 57 32
DEBUG:b'cHRM' 57 32 (unknown)
DEBUG:STREAM b'bKGD' 101 6
DEBUG:b'bKGD' 101 6 (unknown)
DEBUG:STREAM b'pHYs' 119 9
DEBUG:STREAM b'IDAT' 140 32768
DEBUG:STREAM b'IHDR' 16 13
DEBUG:STREAM b'gAMA' 41 4
DEBUG:STREAM b'cHRM' 57 32
DEBUG:b'cHRM' 57 32 (unknown)
DEBUG:STREAM b'bKGD' 101 6
DEBUG:b'bKGD' 101 6 (unknown)
DEBUG:STREAM b'pHYs' 119 9
DEBUG:STREAM b'IDAT' 140 32768
DEBUG:STREAM b'IHDR' 16 13
DEBUG:STREAM b'gAMA' 41 4
DEBUG:STREAM b'cHRM' 57 32
DEBUG:b'cHRM' 57 32 (unknown)
DEBUG:STREAM b'bKGD' 101 6
DEBUG:b'bKGD' 101 6 (unknown)
DEBUG:STREAM b'pHYs' 119 9
DEBUG:STREAM b'IDAT' 140 32768
DEBUG:STREAM b'IHDR' 16 13
DEBUG:STREAM b'gAMA' 41 4
DEBUG:STREAM b'cHRM' 57 32
DEBUG:b'cHRM' 57 32 (unknown)
DEBUG:STREAM b'bKGD' 101 6
DEBUG:b'bKGD' 101 6 (unknown)
DEBUG:STREAM b'pHYs' 119 9
DEBUG:STREAM b'IDAT' 140 32768
DEBUG:STREAM b'IHDR' 16 13
DEBUG:STREAM b'gAMA' 41 4
DEBUG:STREAM b'cHRM' 57 32
DEBUG:b'cHRM' 57 32 (unknown)
DEBUG:STREAM b'bKGD' 101 6
DEBUG:b'bKGD' 101 6 (unknown)
DEBUG:STREAM b'pHYs' 119 9
DEBUG:STREAM b'IDAT' 140 32768
DEBUG:STREAM b'IHDR' 16 13
DEBUG:STREAM b'gAMA' 41 4
DEBUG:STREAM b'cHRM' 57 32
DEBUG:b'cHRM' 57 32 (unknown)
DEBUG:STREAM b'PLTE' 101 717
DEBUG:STREAM b'bKGD' 830 1
DEBUG:b'bKGD' 830 1 (unknown)
DEBUG:STREAM b'pHYs' 843 9
DEBUG:STREAM b'tIME' 864 7
DEBUG:b'tIME' 864 7 (unknown)
DEBUG:STREAM b'IDAT' 883 32768
DEBUG:STREAM b'IHDR' 16 13
DEBUG:STREAM b'gAMA' 41 4
DEBUG:STREAM b'cHRM' 57 32
DEBUG:b'cHRM' 57 32 (unknown)
DEBUG:STREAM b'PLTE' 101 720
DEBUG:STREAM b'bKGD' 833 1
DEBUG:b'bKGD' 833 1 (unknown)
DEBUG:STREAM b'pHYs' 846 9
DEBUG:STREAM b'tIME' 867 7
DEBUG:b'tIME' 867 7 (unknown)
DEBUG:STREAM b'IDAT' 886 32768
DEBUG:STREAM b'IHDR' 16 13
DEBUG:STREAM b'gAMA' 41 4
DEBUG:STREAM b'cHRM' 57 32
DEBUG:b'cHRM' 57 32 (unknown)
DEBUG:STREAM b'PLTE' 101 717
DEBUG:STREAM b'bKGD' 830 1
DEBUG:b'bKGD' 830 1 (unknown)
DEBUG:STREAM b'pHYs' 843 9
DEBUG:STREAM b'tIME' 864 7
DEBUG:b'tIME' 864 7 (unknown)
DEBUG:STREAM b'IDAT' 883 32768
DEBUG:STREAM b'IHDR' 16 13
DEBUG:STREAM b'gAMA' 41 4
DEBUG:STREAM b'cHRM' 57 32
DEBUG:b'cHRM' 57 32 (unknown)
DEBUG:STREAM b'bKGD' 101 6
DEBUG:b'bKGD' 101 6 (unknown)
DEBUG:STREAM b'pHYs' 119 9
DEBUG:STREAM b'IDAT' 140 32768
